 
New instance of bashtop version: 0.9.25 Pid: 58978
 
New instance of bashtop version: 0.9.25 Pid: 80593
/usr/local/bin/bashtop: line 1334: ((: Pid: Program:       Arguments:                  Threads: User:    Mem%       Cpu%: syntax error in expression (error token is ": Program:       Arguments:                  Threads: User:    Mem%       Cpu%")
/usr/local/bin/bashtop: line 1334: ((: Pid: Program:       Arguments:                  Threads: User:    Mem%       Cpu%: syntax error in expression (error token is ": Program:       Arguments:                  Threads: User:    Mem%       Cpu%")
/usr/local/bin/bashtop: line 1465: ((: /usr/local/bin/bashtop: syntax error: operand expected (error token is "/usr/local/bin/bashtop")
/usr/local/bin/bashtop: line 1466: ((: /usr/local/bin/bashtop: syntax error: operand expected (error token is "/usr/local/bin/bashtop")
/usr/local/bin/bashtop: line 1468: /: syntax error: operand expected (error token is "/")
 
New instance of bashtop version: 0.9.25 Pid: 3679
 
New instance of bashtop version: 0.9.25 Pid: 61743
 
New instance of bashtop version: 0.9.25 Pid: 4346
gstty: 'standard input': Inappropriate ioctl for device
20时25分08秒 ERROR: On line 4356 
/usr/local/bin/bashtop: line 3570: echo: write error: Input/output error
20时25分08秒 ERROR: On line 3570 
20时25分08秒 ERROR: On line 4714 
20时25分08秒 ERROR: On line 4353 
20时25分08秒 ERROR: On line 4353 (MUTED!)
20时25分08秒 ERROR: On line 4353 
gstty: 'standard input': Inappropriate ioctl for device
20时25分08秒 ERROR: On line 4356 
/usr/local/bin/bashtop: line 3570: echo: write error: Input/output error
20时25分08秒 ERROR: On line 3570 
20时25分08秒 ERROR: On line 4714 
gstty: 'standard input': Inappropriate ioctl for device
gstty: 'standard input': Inappropriate ioctl for device
20时25分08秒 ERROR: On line 659 
20时25分08秒 ERROR: On line 659 
/usr/local/bin/bashtop: line 660: ((: <80 | <24: syntax error: operand expected (error token is "<80 | <24")
/usr/local/bin/bashtop: line 664: echo: write error: Input/output error
20时25分08秒 ERROR: On line 664 
/usr/local/bin/bashtop: line 1126: echo: write error: Input/output error
20时25分08秒 ERROR: On line 1126 
20时25分08秒 ERROR: On line 665 
/usr/local/bin/bashtop: line 1968: echo: write error: Input/output error
20时25分08秒 ERROR: On line 1968 
20时25分08秒 ERROR: On line 666 
gstty: 'standard input': Inappropriate ioctl for device
gstty: 'standard input': Inappropriate ioctl for device
20时25分08秒 ERROR: On line 659 
20时25分08秒 ERROR: On line 659 
/usr/local/bin/bashtop: line 660: ((: <80 | <24: syntax error: operand expected (error token is "<80 | <24")
/usr/local/bin/bashtop: line 664: echo: write error: Input/output error
20时25分08秒 ERROR: On line 664 
/usr/local/bin/bashtop: line 1126: echo: write error: Input/output error
20时25分08秒 ERROR: On line 1126 
20时25分08秒 ERROR: On line 665 
/usr/local/bin/bashtop: line 1968: echo: write error: Input/output error
20时25分08秒 ERROR: On line 1968 
20时25分08秒 ERROR: On line 666 
gstty: 'standard input': Inappropriate ioctl for device
gstty: 'standard input': Inappropriate ioctl for device
20时25分09秒 ERROR: On line 659 
20时25分09秒 ERROR: On line 659 
/usr/local/bin/bashtop: line 660: ((: <80 | <24: syntax error: operand expected (error token is "<80 | <24")
/usr/local/bin/bashtop: line 664: echo: write error: Input/output error
20时25分09秒 ERROR: On line 664 
/usr/local/bin/bashtop: line 1126: echo: write error: Input/output error
20时25分09秒 ERROR: On line 1126 
20时25分09秒 ERROR: On line 665 
/usr/local/bin/bashtop: line 1968: echo: write error: Input/output error
20时25分09秒 ERROR: On line 1968 
20时25分09秒 ERROR: On line 666 
gstty: 'standard input': Inappropriate ioctl for device
gstty: 'standard input': Inappropriate ioctl for device
20时25分09秒 ERROR: On line 659 
20时25分09秒 ERROR: On line 659 
/usr/local/bin/bashtop: line 660: ((: <80 | <24: syntax error: operand expected (error token is "<80 | <24")
/usr/local/bin/bashtop: line 664: echo: write error: Input/output error
20时25分09秒 ERROR: On line 664 
/usr/local/bin/bashtop: line 1126: echo: write error: Input/output error
20时25分09秒 ERROR: On line 1126 
20时25分09秒 ERROR: On line 665 
/usr/local/bin/bashtop: line 1968: echo: write error: Input/output error
20时25分09秒 ERROR: On line 1968 
20时25分09秒 ERROR: On line 666 
gstty: 'standard input': Inappropriate ioctl for device
gstty: 'standard input': Inappropriate ioctl for device
20时25分09秒 ERROR: On line 659 
20时25分09秒 ERROR: On line 659 
/usr/local/bin/bashtop: line 660: ((: <80 | <24: syntax error: operand expected (error token is "<80 | <24")
/usr/local/bin/bashtop: line 664: echo: write error: Input/output error
20时25分09秒 ERROR: On line 664 
/usr/local/bin/bashtop: line 1126: echo: write error: Input/output error
20时25分09秒 ERROR: On line 1126 
20时25分09秒 ERROR: On line 665 
/usr/local/bin/bashtop: line 1968: echo: write error: Input/output error
20时25分09秒 ERROR: On line 1968 
20时25分09秒 ERROR: On line 666 
gstty: 'standard input': Inappropriate ioctl for device
gstty: 'standard input': Inappropriate ioctl for device
20时25分10秒 ERROR: On line 659 
20时25分10秒 ERROR: On line 659 
/usr/local/bin/bashtop: line 660: ((: <80 | <24: syntax error: operand expected (error token is "<80 | <24")
/usr/local/bin/bashtop: line 664: echo: write error: Input/output error
20时25分10秒 ERROR: On line 664 
/usr/local/bin/bashtop: line 1126: echo: write error: Input/output error
20时25分10秒 ERROR: On line 1126 
20时25分10秒 ERROR: On line 665 
/usr/local/bin/bashtop: line 1968: echo: write error: Input/output error
20时25分10秒 ERROR: On line 1968 
20时25分10秒 ERROR: On line 666 
gstty: 'standard input': Inappropriate ioctl for device
gstty: 'standard input': Inappropriate ioctl for device
20时25分10秒 ERROR: On line 659 
20时25分10秒 ERROR: On line 659 
/usr/local/bin/bashtop: line 660: ((: <80 | <24: syntax error: operand expected (error token is "<80 | <24")
/usr/local/bin/bashtop: line 664: echo: write error: Input/output error
20时25分10秒 ERROR: On line 664 
/usr/local/bin/bashtop: line 1126: echo: write error: Input/output error
20时25分10秒 ERROR: On line 1126 
20时25分10秒 ERROR: On line 665 
/usr/local/bin/bashtop: line 1968: echo: write error: Input/output error
20时25分10秒 ERROR: On line 1968 
20时25分10秒 ERROR: On line 666 
gstty: 'standard input': Inappropriate ioctl for device
gstty: 'standard input': Inappropriate ioctl for device
20时25分10秒 ERROR: On line 659 
20时25分10秒 ERROR: On line 659 
/usr/local/bin/bashtop: line 660: ((: <80 | <24: syntax error: operand expected (error token is "<80 | <24")
/usr/local/bin/bashtop: line 664: echo: write error: Input/output error
20时25分10秒 ERROR: On line 664 
/usr/local/bin/bashtop: line 1126: echo: write error: Input/output error
20时25分10秒 ERROR: On line 1126 
20时25分10秒 ERROR: On line 665 
/usr/local/bin/bashtop: line 1968: echo: write error: Input/output error
20时25分10秒 ERROR: On line 1968 
20时25分10秒 ERROR: On line 666 
gstty: 'standard input': Inappropriate ioctl for device
gstty: 'standard input': Inappropriate ioctl for device
20时25分10秒 ERROR: On line 659 
20时25分10秒 ERROR: On line 659 
/usr/local/bin/bashtop: line 660: ((: <80 | <24: syntax error: operand expected (error token is "<80 | <24")
/usr/local/bin/bashtop: line 664: echo: write error: Input/output error
20时25分10秒 ERROR: On line 664 
/usr/local/bin/bashtop: line 1126: echo: write error: Input/output error
20时25分10秒 ERROR: On line 1126 
20时25分10秒 ERROR: On line 665 
/usr/local/bin/bashtop: line 1968: echo: write error: Input/output error
20时25分10秒 ERROR: On line 1968 
20时25分10秒 ERROR: On line 666 
gstty: 'standard input': Inappropriate ioctl for device
gstty: 'standard input': Inappropriate ioctl for device
20时25分11秒 ERROR: On line 659 
20时25分11秒 ERROR: On line 659 
/usr/local/bin/bashtop: line 660: ((: <80 | <24: syntax error: operand expected (error token is "<80 | <24")
/usr/local/bin/bashtop: line 664: echo: write error: Input/output error
20时25分11秒 ERROR: On line 664 
/usr/local/bin/bashtop: line 1126: echo: write error: Input/output error
20时25分11秒 ERROR: On line 1126 
20时25分11秒 ERROR: On line 665 
/usr/local/bin/bashtop: line 1968: echo: write error: Input/output error
20时25分11秒 ERROR: On line 1968 
20时25分11秒 ERROR: On line 666 
gstty: 'standard input': Inappropriate ioctl for device
gstty: 'standard input': Inappropriate ioctl for device
20时25分11秒 ERROR: On line 659 
20时25分11秒 ERROR: On line 659 
/usr/local/bin/bashtop: line 660: ((: <80 | <24: syntax error: operand expected (error token is "<80 | <24")
/usr/local/bin/bashtop: line 664: echo: write error: Input/output error
20时25分11秒 ERROR: On line 664 
/usr/local/bin/bashtop: line 1126: echo: write error: Input/output error
20时25分11秒 ERROR: On line 1126 
20时25分11秒 ERROR: On line 665 
/usr/local/bin/bashtop: line 1968: echo: write error: Input/output error
20时25分11秒 ERROR: On line 1968 
20时25分11秒 ERROR: On line 666 
gstty: 'standard input': Inappropriate ioctl for device
gstty: 'standard input': Inappropriate ioctl for device
20时25分11秒 ERROR: On line 659 
20时25分11秒 ERROR: On line 659 
/usr/local/bin/bashtop: line 660: ((: <80 | <24: syntax error: operand expected (error token is "<80 | <24")
/usr/local/bin/bashtop: line 664: echo: write error: Input/output error
20时25分11秒 ERROR: On line 664 
/usr/local/bin/bashtop: line 1126: echo: write error: Input/output error
20时25分11秒 ERROR: On line 1126 
20时25分11秒 ERROR: On line 665 
/usr/local/bin/bashtop: line 1968: echo: write error: Input/output error
20时25分11秒 ERROR: On line 1968 
20时25分11秒 ERROR: On line 666 
gstty: 'standard input': Inappropriate ioctl for device
gstty: 'standard input': Inappropriate ioctl for device
20时25分11秒 ERROR: On line 659 
20时25分11秒 ERROR: On line 659 
/usr/local/bin/bashtop: line 660: ((: <80 | <24: syntax error: operand expected (error token is "<80 | <24")
/usr/local/bin/bashtop: line 664: echo: write error: Input/output error
20时25分11秒 ERROR: On line 664 
/usr/local/bin/bashtop: line 1126: echo: write error: Input/output error
20时25分11秒 ERROR: On line 1126 
20时25分11秒 ERROR: On line 665 
/usr/local/bin/bashtop: line 1968: echo: write error: Input/output error
20时25分11秒 ERROR: On line 1968 
20时25分11秒 ERROR: On line 666 
gstty: 'standard input': Inappropriate ioctl for device
gstty: 'standard input': Inappropriate ioctl for device
20时25分12秒 ERROR: On line 659 
20时25分12秒 ERROR: On line 659 
/usr/local/bin/bashtop: line 660: ((: <80 | <24: syntax error: operand expected (error token is "<80 | <24")
/usr/local/bin/bashtop: line 664: echo: write error: Input/output error
20时25分12秒 ERROR: On line 664 
/usr/local/bin/bashtop: line 1126: echo: write error: Input/output error
20时25分12秒 ERROR: On line 1126 
20时25分12秒 ERROR: On line 665 
/usr/local/bin/bashtop: line 1968: echo: write error: Input/output error
20时25分12秒 ERROR: On line 1968 
20时25分12秒 ERROR: On line 666 
gstty: 'standard input': Inappropriate ioctl for device
gstty: 'standard input': Inappropriate ioctl for device
20时25分12秒 ERROR: On line 659 
20时25分12秒 ERROR: On line 659 
/usr/local/bin/bashtop: line 660: ((: <80 | <24: syntax error: operand expected (error token is "<80 | <24")
/usr/local/bin/bashtop: line 664: echo: write error: Input/output error
20时25分12秒 ERROR: On line 664 
/usr/local/bin/bashtop: line 1126: echo: write error: Input/output error
20时25分12秒 ERROR: On line 1126 
20时25分12秒 ERROR: On line 665 
/usr/local/bin/bashtop: line 1968: echo: write error: Input/output error
20时25分12秒 ERROR: On line 1968 
20时25分12秒 ERROR: On line 666 
gstty: 'standard input': Inappropriate ioctl for device
gstty: 'standard input': Inappropriate ioctl for device
20时25分12秒 ERROR: On line 659 
20时25分12秒 ERROR: On line 659 
/usr/local/bin/bashtop: line 660: ((: <80 | <24: syntax error: operand expected (error token is "<80 | <24")
/usr/local/bin/bashtop: line 664: echo: write error: Input/output error
20时25分12秒 ERROR: On line 664 
/usr/local/bin/bashtop: line 1126: echo: write error: Input/output error
20时25分12秒 ERROR: On line 1126 
20时25分12秒 ERROR: On line 665 
/usr/local/bin/bashtop: line 1968: echo: write error: Input/output error
20时25分12秒 ERROR: On line 1968 
20时25分12秒 ERROR: On line 666 
gstty: 'standard input': Inappropriate ioctl for device
gstty: 'standard input': Inappropriate ioctl for device
20时25分12秒 ERROR: On line 659 
20时25分12秒 ERROR: On line 659 
/usr/local/bin/bashtop: line 660: ((: <80 | <24: syntax error: operand expected (error token is "<80 | <24")
/usr/local/bin/bashtop: line 664: echo: write error: Input/output error
20时25分12秒 ERROR: On line 664 
/usr/local/bin/bashtop: line 1126: echo: write error: Input/output error
20时25分12秒 ERROR: On line 1126 
20时25分12秒 ERROR: On line 665 
/usr/local/bin/bashtop: line 1968: echo: write error: Input/output error
20时25分12秒 ERROR: On line 1968 
20时25分12秒 ERROR: On line 666 
gstty: 'standard input': Inappropriate ioctl for device
gstty: 'standard input': Inappropriate ioctl for device
20时25分13秒 ERROR: On line 659 
20时25分13秒 ERROR: On line 659 
/usr/local/bin/bashtop: line 660: ((: <80 | <24: syntax error: operand expected (error token is "<80 | <24")
/usr/local/bin/bashtop: line 664: echo: write error: Input/output error
20时25分13秒 ERROR: On line 664 
/usr/local/bin/bashtop: line 1126: echo: write error: Input/output error
20时25分13秒 ERROR: On line 1126 
20时25分13秒 ERROR: On line 665 
/usr/local/bin/bashtop: line 1968: echo: write error: Input/output error
20时25分13秒 ERROR: On line 1968 
20时25分13秒 ERROR: On line 666 
gstty: 'standard input': Inappropriate ioctl for device
gstty: 'standard input': Inappropriate ioctl for device
20时25分13秒 ERROR: On line 659 
20时25分13秒 ERROR: On line 659 
/usr/local/bin/bashtop: line 660: ((: <80 | <24: syntax error: operand expected (error token is "<80 | <24")
/usr/local/bin/bashtop: line 664: echo: write error: Input/output error
20时25分13秒 ERROR: On line 664 
/usr/local/bin/bashtop: line 1126: echo: write error: Input/output error
20时25分13秒 ERROR: On line 1126 
20时25分13秒 ERROR: On line 665 
/usr/local/bin/bashtop: line 1968: echo: write error: Input/output error
20时25分13秒 ERROR: On line 1968 
20时25分13秒 ERROR: On line 666 
gstty: 'standard input': Inappropriate ioctl for device
gstty: 'standard input': Inappropriate ioctl for device
20时25分13秒 ERROR: On line 659 
20时25分13秒 ERROR: On line 659 
/usr/local/bin/bashtop: line 660: ((: <80 | <24: syntax error: operand expected (error token is "<80 | <24")
/usr/local/bin/bashtop: line 664: echo: write error: Input/output error
20时25分13秒 ERROR: On line 664 
/usr/local/bin/bashtop: line 1126: echo: write error: Input/output error
20时25分13秒 ERROR: On line 1126 
20时25分13秒 ERROR: On line 665 
/usr/local/bin/bashtop: line 1968: echo: write error: Input/output error
20时25分13秒 ERROR: On line 1968 
20时25分13秒 ERROR: On line 666 
gstty: 'standard input': Inappropriate ioctl for device
gstty: 'standard input': Inappropriate ioctl for device
20时25分13秒 ERROR: On line 659 
20时25分13秒 ERROR: On line 659 
/usr/local/bin/bashtop: line 660: ((: <80 | <24: syntax error: operand expected (error token is "<80 | <24")
/usr/local/bin/bashtop: line 664: echo: write error: Input/output error
20时25分13秒 ERROR: On line 664 
/usr/local/bin/bashtop: line 1126: echo: write error: Input/output error
20时25分13秒 ERROR: On line 1126 
20时25分13秒 ERROR: On line 665 
/usr/local/bin/bashtop: line 1968: echo: write error: Input/output error
20时25分13秒 ERROR: On line 1968 
20时25分13秒 ERROR: On line 666 
gstty: 'standard input': Inappropriate ioctl for device
gstty: 'standard input': Inappropriate ioctl for device
20时25分13秒 ERROR: On line 659 
20时25分13秒 ERROR: On line 659 
/usr/local/bin/bashtop: line 660: ((: <80 | <24: syntax error: operand expected (error token is "<80 | <24")
/usr/local/bin/bashtop: line 664: echo: write error: Input/output error
20时25分13秒 ERROR: On line 664 
/usr/local/bin/bashtop: line 1126: echo: write error: Input/output error
20时25分13秒 ERROR: On line 1126 
20时25分13秒 ERROR: On line 665 
/usr/local/bin/bashtop: line 1968: echo: write error: Input/output error
20时25分13秒 ERROR: On line 1968 
20时25分13秒 ERROR: On line 666 
gstty: 'standard input': Inappropriate ioctl for device
gstty: 'standard input': Inappropriate ioctl for device
20时25分14秒 ERROR: On line 659 
20时25分14秒 ERROR: On line 659 
/usr/local/bin/bashtop: line 660: ((: <80 | <24: syntax error: operand expected (error token is "<80 | <24")
/usr/local/bin/bashtop: line 664: echo: write error: Input/output error
20时25分14秒 ERROR: On line 664 
/usr/local/bin/bashtop: line 1126: echo: write error: Input/output error
20时25分14秒 ERROR: On line 1126 
20时25分14秒 ERROR: On line 665 
/usr/local/bin/bashtop: line 1968: echo: write error: Input/output error
20时25分14秒 ERROR: On line 1968 
20时25分14秒 ERROR: On line 666 
gstty: 'standard input': Inappropriate ioctl for device
gstty: 'standard input': Inappropriate ioctl for device
20时25分14秒 ERROR: On line 659 
20时25分14秒 ERROR: On line 659 
/usr/local/bin/bashtop: line 660: ((: <80 | <24: syntax error: operand expected (error token is "<80 | <24")
/usr/local/bin/bashtop: line 664: echo: write error: Input/output error
20时25分14秒 ERROR: On line 664 
/usr/local/bin/bashtop: line 1126: echo: write error: Input/output error
20时25分14秒 ERROR: On line 1126 
20时25分14秒 ERROR: On line 665 
/usr/local/bin/bashtop: line 1968: echo: write error: Input/output error
20时25分14秒 ERROR: On line 1968 
20时25分14秒 ERROR: On line 666 
gstty: 'standard input': Inappropriate ioctl for device
gstty: 'standard input': Inappropriate ioctl for device
20时25分14秒 ERROR: On line 659 
20时25分14秒 ERROR: On line 659 
/usr/local/bin/bashtop: line 660: ((: <80 | <24: syntax error: operand expected (error token is "<80 | <24")
/usr/local/bin/bashtop: line 664: echo: write error: Input/output error
20时25分14秒 ERROR: On line 664 
/usr/local/bin/bashtop: line 1126: echo: write error: Input/output error
20时25分14秒 ERROR: On line 1126 
20时25分14秒 ERROR: On line 665 
/usr/local/bin/bashtop: line 1968: echo: write error: Input/output error
20时25分14秒 ERROR: On line 1968 
20时25分14秒 ERROR: On line 666 
gstty: 'standard input': Inappropriate ioctl for device
gstty: 'standard input': Inappropriate ioctl for device
20时25分14秒 ERROR: On line 659 
20时25分14秒 ERROR: On line 659 
/usr/local/bin/bashtop: line 660: ((: <80 | <24: syntax error: operand expected (error token is "<80 | <24")
/usr/local/bin/bashtop: line 664: echo: write error: Input/output error
20时25分14秒 ERROR: On line 664 
/usr/local/bin/bashtop: line 1126: echo: write error: Input/output error
20时25分14秒 ERROR: On line 1126 
20时25分14秒 ERROR: On line 665 
/usr/local/bin/bashtop: line 1968: echo: write error: Input/output error
20时25分14秒 ERROR: On line 1968 
20时25分14秒 ERROR: On line 666 
 
New instance of bashtop version: 0.9.25 Pid: 21060
/usr/local/bin/bashtop: line 1334: ((: Pid: Program:       Arguments:                  Threads: User:    Mem%       Cpu%: syntax error in expression (error token is ": Program:       Arguments:                  Threads: User:    Mem%       Cpu%")
/usr/local/bin/bashtop: line 1334: ((: Pid: Program:       Arguments:                  Threads: User:    Mem%       Cpu%: syntax error in expression (error token is ": Program:       Arguments:                  Threads: User:    Mem%       Cpu%")
/usr/local/bin/bashtop: line 1465: ((: /Applications/VirtualBox.app/Co: syntax error: operand expected (error token is "/Applications/VirtualBox.app/Co")
/usr/local/bin/bashtop: line 1466: ((: /Applications/VirtualBox.app/Co: syntax error: operand expected (error token is "/Applications/VirtualBox.app/Co")
/usr/local/bin/bashtop: line 1468: /: syntax error: operand expected (error token is "/")
 
New instance of bashtop version: 0.9.25 Pid: 83054
